make all --print-data-base --no-builtin-variables --no-builtin-rules --question
make: *** No rule to make target 'all'.  Stop.
 
# GNU Make 4.2.1
# Built for x86_64-pc-linux-gnu
# Copyright (C) 1988-2016 Free Software Foundation, Inc.
# License GPLv3+: GNU GPL version 3 or later <http://gnu.org/licenses/gpl.html>
# This is free software: you are free to change and redistribute it.
# There is NO WARRANTY, to the extent permitted by law.

# Make data base, printed on Mon Aug 23 11:45:37 2021

# Variables

# 'override' directive
GNUMAKEFLAGS := 
# automatic
<D = $(patsubst %/,%,$(dir $<))
# automatic
?F = $(notdir $?)
# environment
DESKTOP_SESSION = ubuntu
# default
.SHELLFLAGS := -c
# environment
XDG_SESSION_CLASS = user
# makefile (from 'makefile', line 2)
SRC = $(wildcard *.c)
# environment
SNAP_COMMON = /var/snap/code/common
# environment
XDG_SESSION_TYPE = x11
# environment
VSCODE_LOG_NATIVE = false
# automatic
?D = $(patsubst %/,%,$(dir $?))
# environment
IM_CONFIG_PHASE = 1
# automatic
@D = $(patsubst %/,%,$(dir $@))
# environment
XAUTHORITY = /run/user/1000/gdm/Xauthority
# environment
GDMSESSION = ubuntu
# environment
XMODIFIERS = @im=ibus
# makefile
CURDIR := /home/crennui/Documents/open_uni/c_systems/maman14
# makefile
SHELL = /bin/sh
# environment
SNAP_DATA = /var/snap/code/72
# environment
VSCODE_NLS_CONFIG = {"locale":"en-gb","availableLanguages":{},"_languagePackSupport":true}
# environment
JOURNAL_STREAM = 8:51799
# environment
XDG_CONFIG_DIRS = /etc/xdg/xdg-ubuntu:/etc/xdg
# environment
SNAP_INSTANCE_NAME = code
# environment
SNAP_ARCH = amd64
# makefile (from 'makefile', line 1)
MAKEFILE_LIST :=  makefile
# automatic
@F = $(notdir $@)
# environment
GIO_LAUNCHED_DESKTOP_FILE = /var/lib/snapd/desktop/applications/code_code.desktop
# environment
USERNAME = crennui
# environment
MANDATORY_PATH = /usr/share/gconf/ubuntu.mandatory.path
# environment
XDG_DATA_DIRS = /usr/share/ubuntu:/usr/local/share/:/usr/share/:/var/lib/snapd/desktop
# environment
DBUS_SESSION_BUS_ADDRESS = unix:path=/run/user/1000/bus
# environment
VSCODE_VERBOSE_LOGGING = true
# environment
_ = /snap/code/72/usr/share/code/code
# environment
MANAGERPID = 2262
# environment
LESSOPEN = | /usr/bin/lesspipe %s
# environment
VSCODE_CWD = /home/crennui
# environment
GSETTINGS_SCHEMA_DIR = /snap/code/72/usr/share/glib-2.0/schemas
# default
MAKE_HOST := x86_64-pc-linux-gnu
# environment
PATH = /home/crennui/.local/bin:/home/crennui/anaconda3/bin:/home/crennui/anaconda3/condabin:/home/crennui/.local/bin:/usr/local/sbin:/usr/local/bin:/usr/sbin:/usr/bin:/sbin:/bin:/usr/games:/usr/local/games:/snap/bin
# environment
GPG_AGENT_INFO = /run/user/1000/gnupg/S.gpg-agent:0:1
# environment
SESSION_MANAGER = local/crennui:@/tmp/.ICE-unix/2479,unix/crennui:/tmp/.ICE-unix/2479
# environment
XDG_RUNTIME_DIR = /run/user/1000
# environment
GDK_PIXBUF_MODULE_FILE = /home/crennui/snap/code/common/.cache/gdk-pixbuf-loaders.cache
# environment
SNAP = /snap/code/72
# environment
SNAP_VERSION = 3866c355
# environment
CONDA_PREFIX = /home/crennui/anaconda3
# environment
XDG_MENU_PREFIX = gnome-
# environment
VSCODE_LOG_STACK = false
# environment
DISABLE_WAYLAND = 1
# environment
VSCODE_CRASH_REPORTER_START_OPTIONS = {"companyName":"Microsoft","productName":"VSCode","submitURL":"appcenter://code?aid=fba07a4d-84bd-4fc8-a125-9640fc8ce171&uid=99caf22f-4c70-4870-bb9a-997053e7d2a5&iid=99caf22f-4c70-4870-bb9a-997053e7d2a5&sid=99caf22f-4c70-4870-bb9a-997053e7d2a5","uploadToServer":true}
# environment
INVOCATION_ID = 0ba673366ce4442c9696f7c79ffe9418
# environment
GDK_PIXBUF_MODULEDIR = /snap/code/72/usr/lib/x86_64-linux-gnu/gdk-pixbuf-2.0/2.10.0/loaders
# default
.FEATURES := target-specific order-only second-expansion else-if shortest-stem undefine oneshell archives jobserver output-sync check-symlink load
# environment
LS_COLORS = 
# environment
XDG_SESSION_DESKTOP = ubuntu
# environment
SSH_AUTH_SOCK = /run/user/1000/keyring/ssh
# environment
GIO_LAUNCHED_DESKTOP_FILE_PID = 4392
# automatic
%F = $(notdir $%)
# environment
DISPLAY = :1
# environment
CONDA_EXE = /home/crennui/anaconda3/bin/conda
# environment
VSCODE_PIPE_LOGGING = true
# environment
SNAP_INSTANCE_KEY = 
# environment
PWD = /home/crennui/Documents/open_uni/c_systems/maman14
# default
.LOADED := 
# environment
SSH_AGENT_PID = 2444
# environment
ORIGINAL_XDG_CURRENT_DESKTOP = ubuntu:GNOME
# environment
GTK_MODULES = gail:atk-bridge
# environment
VSCODE_AMD_ENTRYPOINT = vs/workbench/services/extensions/node/extensionHostProcess
# environment
HOME = /home/crennui
# environment
LESSCLOSE = /usr/bin/lesspipe %s %s
# environment
VSCODE_CLI = 1
# environment
VSCODE_CODE_CACHE_PATH = /home/crennui/.config/Code/CachedData/3866c3553be8b268c8a7f8c0482c0c0177aa8bfa
# environment
LOGNAME = crennui
# environment
APPLICATION_INSIGHTS_NO_DIAGNOSTIC_CHANNEL = true
# environment
SNAP_LIBRARY_PATH = /var/lib/snapd/lib/gl:/var/lib/snapd/lib/gl32:/var/lib/snapd/void
# environment
SNAP_CONTEXT = csPtoVJG1WaWMD5tj73drCydNBy-n_ay47Vcm5oPr21ypHXa7pby
# environment
CONDA_PROMPT_MODIFIER = (base) 
# environment
ELECTRON_NO_ATTACH_CONSOLE = 1
# environment
SNAP_USER_COMMON = /home/crennui/snap/code/common
# environment
VSCODE_HANDLES_UNCAUGHT_ERRORS = true
# environment
GNOME_DESKTOP_SESSION_ID = this-is-deprecated
# automatic
^D = $(patsubst %/,%,$(dir $^))
# environment
MAKELEVEL := 0
# environment
SNAP_REAL_HOME = /home/crennui
# environment
CONDA_DEFAULT_ENV = base
# default
MAKE = $(MAKE_COMMAND)
# default
MAKECMDGOALS := all
# environment
QT_IM_MODULE = ibus
# environment
SNAP_USER_DATA = /home/crennui/snap/code/72
# environment
SHLVL = 0
# makefile (from 'makefile', line 1)
CC = gcc
# environment
GNOME_SHELL_SESSION_MODE = ubuntu
# environment
VSCODE_IPC_HOOK_EXTHOST = /run/user/1000/vscode-ipc-19381a74-f53c-4abe-b0a1-af2f98d7946c.sock
# default
MAKE_VERSION := 4.2.1
# environment
USER = crennui
# environment
SNAP_REVISION = 72
# makefile
.DEFAULT_GOAL := assembler
# environment
XDG_CURRENT_DESKTOP = Unity
# automatic
%D = $(patsubst %/,%,$(dir $%))
# environment
CONDA_SHLVL = 1
# default
MAKE_COMMAND := make
# default
.VARIABLES := 
# automatic
*F = $(notdir $*)
# environment
LANGUAGE = en_IL:en
# environment
VSCODE_IPC_HOOK = /run/user/1000/vscode-b6fa637c-1.59.1-main.sock
# environment
BAMF_DESKTOP_FILE_HINT = /var/lib/snapd/desktop/applications/code_code.desktop
# makefile
MAKEFLAGS = pqrR
# environment
MFLAGS = -pqrR
# automatic
*D = $(patsubst %/,%,$(dir $*))
# environment
BREAKPAD_DUMP_LOCATION = /home/crennui/.config/Code/exthost Crash Reports
# automatic
+D = $(patsubst %/,%,$(dir $+))
# environment
GDK_BACKEND = x11
# automatic
+F = $(notdir $+)
# environment
QT_ACCESSIBILITY = 1
# environment
DEFAULTS_PATH = /usr/share/gconf/ubuntu.default.path
# default
MAKEFILES := 
# environment
SNAP_COOKIE = csPtoVJG1WaWMD5tj73drCydNBy-n_ay47Vcm5oPr21ypHXa7pby
# environment
VSCODE_BROWSER_CODE_LOADING = bypassHeatCheck
# automatic
<F = $(notdir $<)
# environment
ELECTRON_RUN_AS_NODE = 1
# environment
SNAP_NAME = code
# environment
LC_ALL = C
# environment
CONDA_PYTHON_EXE = /home/crennui/anaconda3/bin/python
# environment
GJS_DEBUG_TOPICS = JS ERROR;JS LOG
# automatic
^F = $(notdir $^)
# default
SUFFIXES := 
# environment
SNAP_REEXEC = 
# environment
_CE_M = 
# environment
CHROME_DESKTOP = code-url-handler.desktop
# environment
WINDOWPATH = 2
# default
.INCLUDE_DIRS = /usr/include /usr/local/include /usr/include
# environment
GJS_DEBUG_OUTPUT = stderr
# default
.RECIPEPREFIX := 
 
# environment
LANG = C
# environment
VSCODE_PID = 4435
# environment
_CE_CONDA = 
# variable set hash-table stats:
# Load=136/1024=13%, Rehash=0, Collisions=20/162=12%

# Pattern-specific Variable Values

# No pattern-specific variable values.

# Directories

# . (device 2050, inode 18221528): 34 files, no impossibilities.

# 34 files, no impossibilities in 1 directories.

# Implicit Rules

# No implicit rules.

# Files

# Not a target:
translators.c:
#  Implicit rule search has not been done.
#  Modification time never checked.
#  File has not been updated.

# Not a target:
all:
#  Command line target.
#  Implicit rule search has been done.
#  File does not exist.
#  File has not been updated.

# Not a target:
commands.c:
#  Implicit rule search has not been done.
#  Modification time never checked.
#  File has not been updated.

# Not a target:
makefile:
#  Implicit rule search has been done.
#  Last modified 2021-08-21 21:59:44.585047223
#  File has been updated.
#  Successfully updated.

# Not a target:
translation_utils.c:
#  Implicit rule search has not been done.
#  Modification time never checked.
#  File has not been updated.

# Not a target:
general_utils.c:
#  Implicit rule search has not been done.
#  Modification time never checked.
#  File has not been updated.

# Not a target:
data.c:
#  Implicit rule search has not been done.
#  Modification time never checked.
#  File has not been updated.

# Not a target:
tu_mem.c:
#  Implicit rule search has not been done.
#  Modification time never checked.
#  File has not been updated.

assembler: general_utils.c tu_mem.c translation_utils.c symbol_table.c command_parser.c asm_processor.c commands.c translators.c assembler.c data.c commands_table.c hash_table.c
#  Implicit rule search has not been done.
#  Modification time never checked.
#  File has not been updated.
#  recipe to execute (from 'makefile', line 4):
	$(CC) -Wall -pedantic -ansi -m32 -g --std=c90 *.c *.h -o assembler

# Not a target:
.DEFAULT:
#  Implicit rule search has not been done.
#  Modification time never checked.
#  File has not been updated.

# Not a target:
hash_table.c:
#  Implicit rule search has not been done.
#  Modification time never checked.
#  File has not been updated.

# Not a target:
commands_table.c:
#  Implicit rule search has not been done.
#  Modification time never checked.
#  File has not been updated.

clean:
#  Implicit rule search has not been done.
#  Modification time never checked.
#  File has not been updated.
#  recipe to execute (from 'makefile', line 8):
	rm *.o assembler 

# Not a target:
asm_processor.c:
#  Implicit rule search has not been done.
#  Modification time never checked.
#  File has not been updated.

# Not a target:
symbol_table.c:
#  Implicit rule search has not been done.
#  Modification time never checked.
#  File has not been updated.

# Not a target:
assembler.c:
#  Implicit rule search has not been done.
#  Modification time never checked.
#  File has not been updated.

# Not a target:
command_parser.c:
#  Implicit rule search has not been done.
#  Modification time never checked.
#  File has not been updated.

# files hash-table stats:
# Load=18/1024=2%, Rehash=0, Collisions=0/40=0%
# VPATH Search Paths

# No 'vpath' search paths.

# No general ('VPATH' variable) search path.

# strcache buffers: 1 (0) / strings = 40 / storage = 472 B / avg = 11 B
# current buf: size = 8162 B / used = 472 B / count = 40 / avg = 11 B

# strcache performance: lookups = 59 / hit rate = 32%
# hash-table stats:
# Load=40/8192=0%, Rehash=0, Collisions=1/59=2%
# Finished Make data base on Mon Aug 23 11:45:37 2021

 
